c:\users\skyme\source\repos\b-plus_tree\b+tree\b+tree\debug\vc140.pdb
c:\users\skyme\source\repos\b-plus_tree\b+tree\b+tree\debug\vc140.idb
c:\users\skyme\source\repos\b-plus_tree\b+tree\b+tree\debug\b_plus_tree.nativecodeanalysis.xml
c:\users\skyme\source\repos\b-plus_tree\b+tree\b+tree\debug\b_plus_tree_fake.nativecodeanalysis.xml
c:\users\skyme\source\repos\b-plus_tree\b+tree\b+tree\debug\deletion.nativecodeanalysis.xml
c:\users\skyme\source\repos\b-plus_tree\b+tree\b+tree\debug\insertion.nativecodeanalysis.xml
c:\users\skyme\source\repos\b-plus_tree\b+tree\b+tree\debug\utilite.nativecodeanalysis.xml
c:\users\skyme\source\repos\b-plus_tree\b+tree\b+tree\debug\utilite.obj
c:\users\skyme\source\repos\b-plus_tree\b+tree\b+tree\debug\insertion.obj
c:\users\skyme\source\repos\b-plus_tree\b+tree\b+tree\debug\deletion.obj
c:\users\skyme\source\repos\b-plus_tree\b+tree\b+tree\debug\b_plus_tree_fake.obj
c:\users\skyme\source\repos\b-plus_tree\b+tree\b+tree\debug\b_plus_tree.obj
c:\users\skyme\source\repos\b-plus_tree\b+tree\debug\b+tree.ilk
c:\users\skyme\source\repos\b-plus_tree\b+tree\debug\b+tree.exe
c:\users\skyme\source\repos\b-plus_tree\b+tree\debug\b+tree.pdb
c:\users\skyme\source\repos\b-plus_tree\b+tree\b+tree\debug\utilite.obj.enc
c:\users\skyme\source\repos\b-plus_tree\b+tree\b+tree\debug\nativecodeanalysis.read.1.tlog
c:\users\skyme\source\repos\b-plus_tree\b+tree\b+tree\debug\vc.nativecodeanalysis.all.xml
c:\users\skyme\source\repos\b-plus_tree\b+tree\debug\b+tree.exe.lastcodeanalysissucceeded
c:\users\skyme\source\repos\b-plus_tree\b+tree\b+tree\debug\b+tree.tlog\cl.command.1.tlog
c:\users\skyme\source\repos\b-plus_tree\b+tree\b+tree\debug\b+tree.tlog\cl.read.1.tlog
c:\users\skyme\source\repos\b-plus_tree\b+tree\b+tree\debug\b+tree.tlog\cl.write.1.tlog
c:\users\skyme\source\repos\b-plus_tree\b+tree\b+tree\debug\b+tree.tlog\link.command.1.tlog
c:\users\skyme\source\repos\b-plus_tree\b+tree\b+tree\debug\b+tree.tlog\link.read.1.tlog
c:\users\skyme\source\repos\b-plus_tree\b+tree\b+tree\debug\b+tree.tlog\link.write.1.tlog
